<?xml version="1.0" encoding="UTF-8"?>
<!-- Generated by org.testng.reporters.JUnitReportReporter -->
<testsuite hostname="Harry-Sindhia" failures="0" tests="2" name="EcommVege.VegeEcomm.SubmitOrderTest" time="65.258" errors="0" timestamp="2025-09-28T22:42:44 IST" skipped="0">
  <testcase classname="EcommVege.VegeEcomm.SubmitOrderTest" name="submitOrderTest" time="31.978"/>
  <testcase classname="EcommVege.VegeEcomm.SubmitOrderTest" name="submitOrderTest" time="33.280"/>
</testsuite> <!-- EcommVege.VegeEcomm.SubmitOrderTest -->
