<?xml version="1.0" encoding="UTF-8"?>
<!-- Generated by org.testng.reporters.JUnitReportReporter -->
<testsuite hostname="Harry-Sindhia" failures="0" tests="1" name="EcommVege.VegeEcomm.ProductNotFoundTest" time="30.450" errors="0" timestamp="2025-09-28T22:42:44 IST" skipped="0">
  <testcase classname="EcommVege.VegeEcomm.ProductNotFoundTest" name="productNotFound" time="30.450"/>
</testsuite> <!-- EcommVege.VegeEcomm.ProductNotFoundTest -->
