<?xml version="1.0" encoding="UTF-8"?>
<!-- Generated by org.testng.reporters.JUnitReportReporter -->
<testsuite hostname="Harry-Sindhia" failures="0" tests="2" name="EcommVege.VegeEcomm.SearchProductTest" time="45.267" errors="0" timestamp="2025-09-28T22:42:44 IST" skipped="0">
  <testcase classname="EcommVege.VegeEcomm.SearchProductTest" name="validateSearchAndAddToCart" time="14.738"/>
  <testcase classname="EcommVege.VegeEcomm.SearchProductTest" name="validateSearchAndAddToCart" time="30.529"/>
</testsuite> <!-- EcommVege.VegeEcomm.SearchProductTest -->
