<?xml version="1.0" encoding="UTF-8"?>
<!-- Generated by org.testng.reporters.JUnitReportReporter -->
<testsuite hostname="Harry-Sindhia" failures="0" tests="1" name="EcommVege.VegeEcomm.StandAloneTest" time="23.533" errors="0" timestamp="2025-09-26T15:06:00 IST" skipped="0">
  <testcase classname="EcommVege.VegeEcomm.StandAloneTest" name="submitOrderTest" time="23.533"/>
</testsuite> <!-- EcommVege.VegeEcomm.StandAloneTest -->
