<?xml version="1.0" encoding="UTF-8"?>
<!-- Generated by org.testng.reporters.JUnitReportReporter -->
<testsuite hostname="Harry-Sindhia" failures="0" tests="1" name="EcommVege.VegeEcomm.ProductNotFoundTest" time="19.169" errors="0" timestamp="2025-09-29T10:51:45 IST" skipped="0">
  <testcase classname="EcommVege.VegeEcomm.ProductNotFoundTest" name="productNotFound" time="19.169"/>
</testsuite> <!-- EcommVege.VegeEcomm.ProductNotFoundTest -->
