<?xml version="1.0" encoding="UTF-8"?>
<!-- Generated by org.testng.reporters.JUnitReportReporter -->
<testsuite hostname="Harry-Sindhia" failures="0" tests="2" name="EcommVege.VegeEcomm.SearchProductTest" time="27.052" errors="0" timestamp="2025-09-29T10:51:45 IST" skipped="0">
  <testcase classname="EcommVege.VegeEcomm.SearchProductTest" name="validateSearchAndAddToCart" time="14.050"/>
  <testcase classname="EcommVege.VegeEcomm.SearchProductTest" name="validateSearchAndAddToCart" time="13.002"/>
</testsuite> <!-- EcommVege.VegeEcomm.SearchProductTest -->
