<?xml version="1.0" encoding="UTF-8"?>
<!-- Generated by org.testng.reporters.JUnitReportReporter -->
<testsuite hostname="Harry-Sindhia" failures="0" tests="2" name="EcommVege.VegeEcomm.SubmitOrderTest" time="42.326" errors="0" timestamp="2025-09-29T10:51:45 IST" skipped="0">
  <testcase classname="EcommVege.VegeEcomm.SubmitOrderTest" name="submitOrderTest" time="21.904"/>
  <testcase classname="EcommVege.VegeEcomm.SubmitOrderTest" name="submitOrderTest" time="20.422"/>
</testsuite> <!-- EcommVege.VegeEcomm.SubmitOrderTest -->
